<?xml version="1.0" encoding="UTF-8"?>
<!-- Generated by org.testng.reporters.JUnitReportReporter -->
<testsuite hostname="DESKTOP-DAL8TCK" failures="0" tests="2" name="com.WebTesting.TestNG.Annotations.HRMScenario" time="4.658" errors="0" timestamp="2025-08-06T21:12:38 IST" skipped="0">
  <testcase classname="com.WebTesting.TestNG.Annotations.HRMScenario" name="testLogin" time="0.558"/>
  <testcase classname="com.WebTesting.TestNG.Annotations.HRMScenario" name="testLogout" time="4.100"/>
</testsuite> <!-- com.WebTesting.TestNG.Annotations.HRMScenario -->
