<?xml version="1.0" encoding="UTF-8"?>
<!-- Generated by org.testng.reporters.JUnitReportReporter -->
<testsuite hostname="DESKTOP-DAL8TCK" failures="0" tests="1" name="com.WebTesting_Alert_Frame.S34_AuthenticationPopup" time="4.448" errors="0" timestamp="2025-07-09T09:30:39 IST" skipped="0">
  <testcase classname="com.WebTesting_Alert_Frame.S34_AuthenticationPopup" name="testAuthPopup" time="4.448"/>
</testsuite> <!-- com.WebTesting_Alert_Frame.S34_AuthenticationPopup -->
