<?xml version="1.0" encoding="UTF-8"?>
<!-- Generated by org.testng.reporters.JUnitReportReporter -->
<testsuite hostname="DESKTOP-DAL8TCK" failures="0" tests="1" name="com.WebTesting.TestNG.TestData.HRMLoginWithExcelFile5" time="6.541" errors="0" timestamp="2025-08-13T10:50:11 IST" skipped="0">
  <testcase classname="com.WebTesting.TestNG.TestData.HRMLoginWithExcelFile5" name="testLogin" time="6.541"/>
</testsuite> <!-- com.WebTesting.TestNG.TestData.HRMLoginWithExcelFile5 -->
