<?xml version="1.0" encoding="UTF-8"?>
<!-- Generated by org.testng.reporters.JUnitReportReporter -->
<testsuite hostname="DESKTOP-DAL8TCK" failures="0" tests="1" name="com.WebTesting.Capabilities.S58_FileUploadUsingRobotClass" time="10.369" errors="0" timestamp="2025-07-24T10:26:01 IST" skipped="0">
  <testcase classname="com.WebTesting.Capabilities.S58_FileUploadUsingRobotClass" name="testFileUpload" time="10.369"/>
</testsuite> <!-- com.WebTesting.Capabilities.S58_FileUploadUsingRobotClass -->
