<?xml version="1.0" encoding="UTF-8"?>
<!-- Generated by org.testng.reporters.JUnitReportReporter -->
<testsuite hostname="DESKTOP-DAL8TCK" failures="0" tests="2" name="com.WebTesting.DropDownAutomation.S23_SampleTestForTestNG" time="0.010" errors="0" timestamp="2025-07-04T11:12:15 IST" skipped="0">
  <testcase classname="com.WebTesting.DropDownAutomation.S23_SampleTestForTestNG" name="testCase2" time="0.001"/>
  <testcase classname="com.WebTesting.DropDownAutomation.S23_SampleTestForTestNG" name="testCase1" time="0.009"/>
</testsuite> <!-- com.WebTesting.DropDownAutomation.S23_SampleTestForTestNG -->
