<?xml version="1.0" encoding="UTF-8"?>
<!-- Generated by org.testng.reporters.JUnitReportReporter -->
<testsuite hostname="DESKTOP-DAL8TCK" failures="0" tests="1" name="com.WebTesting.JavascriptExecutor.S46_AutomateHiddenElement" time="10.295" errors="0" timestamp="2025-07-21T09:36:53 IST" skipped="0">
  <testcase classname="com.WebTesting.JavascriptExecutor.S46_AutomateHiddenElement" name="testHiddenElement" time="10.295"/>
</testsuite> <!-- com.WebTesting.JavascriptExecutor.S46_AutomateHiddenElement -->
