<?xml version="1.0" encoding="UTF-8"?>
<!-- Generated by org.testng.reporters.JUnitReportReporter -->
<testsuite hostname="DESKTOP-DAL8TCK" failures="0" tests="1" name="com.WebTesting.TestNG.TestData.TestDataUsingXMLFile" time="4.422" errors="0" timestamp="2025-08-07T10:56:47 IST" skipped="0">
  <testcase classname="com.WebTesting.TestNG.TestData.TestDataUsingXMLFile" name="testDataFromFile" time="4.422"/>
</testsuite> <!-- com.WebTesting.TestNG.TestData.TestDataUsingXMLFile -->
