<?xml version="1.0" encoding="UTF-8"?>
<!-- Generated by org.testng.reporters.JUnitReportReporter -->
<testsuite hostname="DESKTOP-DAL8TCK" failures="0" tests="3" name="com.WebTesting.TestNG.ParallelTesting_6.CrossBrowserTest4" time="6.302" errors="0" timestamp="2025-08-12T09:36:19 IST" skipped="0">
  <testcase classname="com.WebTesting.TestNG.ParallelTesting_6.CrossBrowserTest4" name="crossBrowserTestCase" time="1.496"/>
  <testcase classname="com.WebTesting.TestNG.ParallelTesting_6.CrossBrowserTest4" name="crossBrowserTestCase" time="1.636"/>
  <testcase classname="com.WebTesting.TestNG.ParallelTesting_6.CrossBrowserTest4" name="crossBrowserTestCase" time="3.170"/>
</testsuite> <!-- com.WebTesting.TestNG.ParallelTesting_6.CrossBrowserTest4 -->
