<?xml version="1.0" encoding="UTF-8"?>
<!-- Generated by org.testng.reporters.JUnitReportReporter -->
<testsuite hostname="DESKTOP-DAL8TCK" failures="0" tests="1" name="com.WebTesting_Alert_Frame.S37_NestedFrameDemo" time="5.367" errors="0" timestamp="2025-07-11T08:58:29 IST" skipped="0">
  <testcase classname="com.WebTesting_Alert_Frame.S37_NestedFrameDemo" name="testNestedFrame" time="5.367"/>
</testsuite> <!-- com.WebTesting_Alert_Frame.S37_NestedFrameDemo -->
