<?xml version="1.0" encoding="UTF-8"?>
<!-- Generated by org.testng.reporters.JUnitReportReporter -->
<testsuite hostname="DESKTOP-DAL8TCK" failures="0" tests="1" name="com.WebTesting.Webtable_DatePicker.S42_RedbusDatePickerAutomation" time="2.867" errors="0" timestamp="2025-07-16T12:47:23 IST" skipped="0">
  <testcase classname="com.WebTesting.Webtable_DatePicker.S42_RedbusDatePickerAutomation" name="testCalendar" time="2.867"/>
</testsuite> <!-- com.WebTesting.Webtable_DatePicker.S42_RedbusDatePickerAutomation -->
