<?xml version="1.0" encoding="UTF-8"?>
<!-- Generated by org.testng.reporters.JUnitReportReporter -->
<testsuite hostname="DESKTOP-DAL8TCK" failures="0" tests="1" name="com.WebTesting.MouseOperations.S61_MouseOverAction" time="3.488" errors="0" timestamp="2025-07-25T09:41:37 IST" skipped="0">
  <testcase classname="com.WebTesting.MouseOperations.S61_MouseOverAction" name="testMouseOverAction" time="3.488"/>
</testsuite> <!-- com.WebTesting.MouseOperations.S61_MouseOverAction -->
