<?xml version="1.0" encoding="UTF-8"?>
<!-- Generated by org.testng.reporters.JUnitReportReporter -->
<testsuite hostname="DESKTOP-DAL8TCK" failures="0" tests="1" name="com.WebTesting.MouseOperations.S60_DoubleClickAction" time="3.430" errors="0" timestamp="2025-07-25T09:40:45 IST" skipped="0">
  <testcase classname="com.WebTesting.MouseOperations.S60_DoubleClickAction" name="testDoubleClick" time="3.430"/>
</testsuite> <!-- com.WebTesting.MouseOperations.S60_DoubleClickAction -->
