<?xml version="1.0" encoding="UTF-8"?>
<!-- Generated by org.testng.reporters.JUnitReportReporter -->
<testsuite hostname="DESKTOP-DAL8TCK" failures="0" tests="4" name="com.WebTesting.TestNG.DataDrivenTesting_7.DataDrivenTestDemo1" time="0.006" errors="0" timestamp="2025-08-18T17:54:59 IST" skipped="0">
  <testcase classname="com.WebTesting.TestNG.DataDrivenTesting_7.DataDrivenTestDemo1" name="testCase" time="0.001"/>
  <testcase classname="com.WebTesting.TestNG.DataDrivenTesting_7.DataDrivenTestDemo1" name="testCase" time="0.005"/>
  <testcase classname="com.WebTesting.TestNG.DataDrivenTesting_7.DataDrivenTestDemo1" name="testCase" time="0.000"/>
  <testcase classname="com.WebTesting.TestNG.DataDrivenTesting_7.DataDrivenTestDemo1" name="testCase" time="0.000"/>
</testsuite> <!-- com.WebTesting.TestNG.DataDrivenTesting_7.DataDrivenTestDemo1 -->
