<?xml version="1.0" encoding="UTF-8"?>
<!-- Generated by org.testng.reporters.JUnitReportReporter -->
<testsuite hostname="DESKTOP-DAL8TCK" failures="0" tests="7" name="com.WebTesting.TestNG.Basics.TestDemo3_description_invocationCount" time="0.011" errors="0" timestamp="2025-07-30T17:05:27 IST" skipped="0">
  <testcase classname="com.WebTesting.TestNG.Basics.TestDemo3_description_invocationCount" name="registerTest" time="0.006"/>
  <testcase classname="com.WebTesting.TestNG.Basics.TestDemo3_description_invocationCount" name="loginTest" time="0.001"/>
  <testcase classname="com.WebTesting.TestNG.Basics.TestDemo3_description_invocationCount" name="loginTest" time="0.001"/>
  <testcase classname="com.WebTesting.TestNG.Basics.TestDemo3_description_invocationCount" name="loginTest" time="0.000"/>
  <testcase classname="com.WebTesting.TestNG.Basics.TestDemo3_description_invocationCount" name="searchTest" time="0.001"/>
  <testcase classname="com.WebTesting.TestNG.Basics.TestDemo3_description_invocationCount" name="addTocartTest" time="0.001"/>
  <testcase classname="com.WebTesting.TestNG.Basics.TestDemo3_description_invocationCount" name="logoutTest" time="0.001"/>
</testsuite> <!-- com.WebTesting.TestNG.Basics.TestDemo3_description_invocationCount -->
