<?xml version="1.0" encoding="UTF-8"?>
<!-- Generated by org.testng.reporters.JUnitReportReporter -->
<testsuite hostname="DESKTOP-DAL8TCK" failures="0" tests="1" name="com.WebTesting.Webtable_DatePicker.S43_GoibiboDatPickerAutomation" time="3.947" errors="0" timestamp="2025-07-17T08:49:03 IST" skipped="0">
  <testcase classname="com.WebTesting.Webtable_DatePicker.S43_GoibiboDatPickerAutomation" name="testCalendar" time="3.947"/>
</testsuite> <!-- com.WebTesting.Webtable_DatePicker.S43_GoibiboDatPickerAutomation -->
