<?xml version="1.0" encoding="UTF-8"?>
<!-- Generated by org.testng.reporters.JUnitReportReporter -->
<testsuite hostname="DESKTOP-DAL8TCK" failures="0" tests="1" name="com.WebTesting.DropDownAutomation.S27_DropdownAllOptions" time="3.546" errors="0" timestamp="2025-07-23T11:52:31 IST" skipped="0">
  <testcase classname="com.WebTesting.DropDownAutomation.S27_DropdownAllOptions" name="f" time="3.546"/>
</testsuite> <!-- com.WebTesting.DropDownAutomation.S27_DropdownAllOptions -->
