<?xml version="1.0" encoding="UTF-8"?>
<!-- Generated by org.testng.reporters.JUnitReportReporter -->
<testsuite hostname="DESKTOP-DAL8TCK" failures="0" tests="1" name="com.WebTesting.SpecialScenario.S69_ShadowDomAutomation" time="4.893" errors="0" timestamp="2025-07-29T09:22:38 IST" skipped="0">
  <testcase classname="com.WebTesting.SpecialScenario.S69_ShadowDomAutomation" name="testShadowDoM" time="4.893"/>
</testsuite> <!-- com.WebTesting.SpecialScenario.S69_ShadowDomAutomation -->
