<?xml version="1.0" encoding="UTF-8"?>
<!-- Generated by org.testng.reporters.JUnitReportReporter -->
<testsuite hostname="DESKTOP-DAL8TCK" failures="0" tests="3" name="com.WebTesting.TestNG.ParallelTesting_6.ParallelTest1" time="10.926" errors="0" timestamp="2025-08-11T14:50:46 IST" skipped="0">
  <testcase classname="com.WebTesting.TestNG.ParallelTesting_6.ParallelTest1" name="chromeTest" time="2.822"/>
  <testcase classname="com.WebTesting.TestNG.ParallelTesting_6.ParallelTest1" name="EdgeTest" time="3.307"/>
  <testcase classname="com.WebTesting.TestNG.ParallelTesting_6.ParallelTest1" name="firefoxTest" time="4.797"/>
</testsuite> <!-- com.WebTesting.TestNG.ParallelTesting_6.ParallelTest1 -->
