<?xml version="1.0" encoding="UTF-8"?>
<!-- Generated by org.testng.reporters.JUnitReportReporter -->
<testsuite hostname="DESKTOP-DAL8TCK" failures="0" tests="1" name="com.WebTesting.Capabilities.S57_FileUploadUsingSendKeys" time="4.789" errors="0" timestamp="2025-07-24T10:27:08 IST" skipped="0">
  <testcase classname="com.WebTesting.Capabilities.S57_FileUploadUsingSendKeys" name="testFileUpload" time="4.789"/>
</testsuite> <!-- com.WebTesting.Capabilities.S57_FileUploadUsingSendKeys -->
