<?xml version="1.0" encoding="UTF-8"?>
<!-- Generated by org.testng.reporters.JUnitReportReporter -->
<testsuite hostname="DESKTOP-DAL8TCK" failures="0" tests="1" name="com.WebTesting.WaitsInSelenium.S48_InterviewQuestion" time="5.717" errors="0" timestamp="2025-07-21T09:43:35 IST" skipped="0">
  <testcase classname="com.WebTesting.WaitsInSelenium.S48_InterviewQuestion" name="testXpath" time="5.717"/>
</testsuite> <!-- com.WebTesting.WaitsInSelenium.S48_InterviewQuestion -->
