<?xml version="1.0" encoding="UTF-8"?>
<!-- Generated by org.testng.reporters.JUnitReportReporter -->
<testsuite hostname="DESKTOP-DAL8TCK" failures="0" tests="2" name="com.WebTesting.TestNG.TestData.TestDataReadingUsingPropertiesFile2" time="4.021" errors="0" timestamp="2025-08-12T09:35:19 IST" skipped="1">
  <testcase classname="com.WebTesting.TestNG.TestData.TestDataReadingUsingPropertiesFile2" name="testLoginWithUtility" time="4.021"/>
  <testcase classname="com.WebTesting.TestNG.TestData.TestDataReadingUsingPropertiesFile2" name="testLoginWithoutUtility">
    <skipped/>
  </testcase> <!-- testLoginWithoutUtility -->
</testsuite> <!-- com.WebTesting.TestNG.TestData.TestDataReadingUsingPropertiesFile2 -->
