<?xml version="1.0" encoding="UTF-8"?>
<!-- Generated by org.testng.reporters.JUnitReportReporter -->
<testsuite hostname="DESKTOP-DAL8TCK" failures="0" tests="1" name="com.WebTesting.TestNG.DataDrivenTesting_7.GetTheScreenshotDemo1" time="4.575" errors="0" timestamp="2025-08-14T11:02:33 IST" skipped="0">
  <testcase classname="com.WebTesting.TestNG.DataDrivenTesting_7.GetTheScreenshotDemo1" name="capture" time="4.575"/>
</testsuite> <!-- com.WebTesting.TestNG.DataDrivenTesting_7.GetTheScreenshotDemo1 -->
