<?xml version="1.0" encoding="UTF-8"?>
<!-- Generated by org.testng.reporters.JUnitReportReporter -->
<testsuite hostname="DESKTOP-DAL8TCK" failures="0" tests="1" name="com.WebTesting.DropDownAutomation.Assignment_7" time="5.481" errors="0" timestamp="2025-07-23T09:38:11 IST" skipped="0">
  <testcase classname="com.WebTesting.DropDownAutomation.Assignment_7" name="dropdown" time="5.481"/>
</testsuite> <!-- com.WebTesting.DropDownAutomation.Assignment_7 -->
