<?xml version="1.0" encoding="UTF-8"?>
<!-- Generated by org.testng.reporters.JUnitReportReporter -->
<testsuite hostname="DESKTOP-DAL8TCK" failures="0" tests="5" name="com.WebTesting.TestNG.Basics.TestDemo4_disableTest" time="0.008" errors="0" timestamp="2025-07-30T20:15:32 IST" skipped="1">
  <testcase classname="com.WebTesting.TestNG.Basics.TestDemo4_disableTest" name="registerTest" time="0.006"/>
  <testcase classname="com.WebTesting.TestNG.Basics.TestDemo4_disableTest" name="loginTest" time="0.001"/>
  <testcase classname="com.WebTesting.TestNG.Basics.TestDemo4_disableTest" name="searchTest" time="0.000"/>
  <testcase classname="com.WebTesting.TestNG.Basics.TestDemo4_disableTest" name="addTocartTest" time="0.001"/>
  <testcase classname="com.WebTesting.TestNG.Basics.TestDemo4_disableTest" name="logoutTest">
    <skipped/>
  </testcase> <!-- logoutTest -->
</testsuite> <!-- com.WebTesting.TestNG.Basics.TestDemo4_disableTest -->
