<?xml version="1.0" encoding="UTF-8"?>
<!-- Generated by org.testng.reporters.JUnitReportReporter -->
<testsuite hostname="DESKTOP-DAL8TCK" failures="0" tests="2" name="com.WebTesting.TestNG.Basics.TestDemo1_TestCases" time="0.010" errors="0" timestamp="2025-07-30T14:18:22 IST" skipped="0">
  <testcase classname="com.WebTesting.TestNG.Basics.TestDemo1_TestCases" name="testCase2" time="0.000"/>
  <testcase classname="com.WebTesting.TestNG.Basics.TestDemo1_TestCases" name="testCase1" time="0.010"/>
</testsuite> <!-- com.WebTesting.TestNG.Basics.TestDemo1_TestCases -->
