<?xml version="1.0" encoding="UTF-8"?>
<!-- Generated by org.testng.reporters.JUnitReportReporter -->
<testsuite hostname="DESKTOP-DAL8TCK" failures="0" tests="1" name="com.WebTesting.Capabilities.S57_FileUploadUsingSendKeys" time="5.536" errors="0" timestamp="2025-07-25T09:15:50 IST" skipped="0">
  <testcase classname="com.WebTesting.Capabilities.S57_FileUploadUsingSendKeys" name="testFileUpload" time="5.536"/>
</testsuite> <!-- com.WebTesting.Capabilities.S57_FileUploadUsingSendKeys -->
