<?xml version="1.0" encoding="UTF-8"?>
<!-- Generated by org.testng.reporters.JUnitReportReporter -->
<testsuite hostname="DESKTOP-DAL8TCK" failures="0" tests="3" name="com.WebTesting.TestNG.PageFactoryPOM.LoginPageTest" time="1.070" errors="0" timestamp="2025-08-07T10:24:56 IST" skipped="0">
  <testcase classname="com.WebTesting.TestNG.PageFactoryPOM.LoginPageTest" name="validateUrl" time="0.009"/>
  <testcase classname="com.WebTesting.TestNG.PageFactoryPOM.LoginPageTest" name="validateTitle" time="0.004"/>
  <testcase classname="com.WebTesting.TestNG.PageFactoryPOM.LoginPageTest" name="validateLogin" time="1.057"/>
</testsuite> <!-- com.WebTesting.TestNG.PageFactoryPOM.LoginPageTest -->
