<?xml version="1.0" encoding="UTF-8"?>
<!-- Generated by org.testng.reporters.JUnitReportReporter -->
<testsuite hostname="DESKTOP-DAL8TCK" failures="0" tests="1" name="com.WebTesting.Webtable_DatePicker.S41_PaginationWebTableAutomation" time="3.710" errors="0" timestamp="2025-07-16T09:01:12 IST" skipped="0">
  <testcase classname="com.WebTesting.Webtable_DatePicker.S41_PaginationWebTableAutomation" name="testPagination" time="3.710"/>
</testsuite> <!-- com.WebTesting.Webtable_DatePicker.S41_PaginationWebTableAutomation -->
