<?xml version="1.0" encoding="UTF-8"?>
<!-- Generated by org.testng.reporters.JUnitReportReporter -->
<testsuite hostname="DESKTOP-DAL8TCK" failures="0" tests="3" name="com.WebTesting.TestNG.ParallelTesting_6.CrossBrowserTest4" time="9.716" errors="0" timestamp="2025-08-11T15:50:43 IST" skipped="0">
  <testcase classname="com.WebTesting.TestNG.ParallelTesting_6.CrossBrowserTest4" name="crossBrowserTestCase" time="2.263"/>
  <testcase classname="com.WebTesting.TestNG.ParallelTesting_6.CrossBrowserTest4" name="crossBrowserTestCase" time="2.766"/>
  <testcase classname="com.WebTesting.TestNG.ParallelTesting_6.CrossBrowserTest4" name="crossBrowserTestCase" time="4.687"/>
</testsuite> <!-- com.WebTesting.TestNG.ParallelTesting_6.CrossBrowserTest4 -->
