<?xml version="1.0" encoding="UTF-8"?>
<!-- Generated by org.testng.reporters.JUnitReportReporter -->
<testsuite hostname="DESKTOP-DAL8TCK" failures="0" tests="1" name="com.WebTesting.MouseOperations.S63_SliderAction" time="3.102" errors="0" timestamp="2025-07-25T09:42:49 IST" skipped="0">
  <testcase classname="com.WebTesting.MouseOperations.S63_SliderAction" name="testSlider" time="3.102"/>
</testsuite> <!-- com.WebTesting.MouseOperations.S63_SliderAction -->
