<?xml version="1.0" encoding="UTF-8"?>
<!-- Generated by org.testng.reporters.JUnitReportReporter -->
<testsuite hostname="DESKTOP-DAL8TCK" failures="0" tests="1" name="com.WebTesting.WindowHandling.NewWindowMethodInSelenium" time="12.059" errors="0" timestamp="2025-07-09T09:04:36 IST" skipped="0">
  <testcase classname="com.WebTesting.WindowHandling.NewWindowMethodInSelenium" name="testMethodforNewTabWindow" time="12.059"/>
</testsuite> <!-- com.WebTesting.WindowHandling.NewWindowMethodInSelenium -->
