<?xml version="1.0" encoding="UTF-8"?>
<!-- Generated by org.testng.reporters.JUnitReportReporter -->
<testsuite hostname="DESKTOP-DAL8TCK" failures="0" tests="1" name="com.WebTesting.WindowHandling.NewWindowMethodInSelenium_1" time="8.502" errors="0" timestamp="2025-07-09T09:10:58 IST" skipped="0">
  <testcase classname="com.WebTesting.WindowHandling.NewWindowMethodInSelenium_1" name="testMethodforNewTabWindow" time="8.502"/>
</testsuite> <!-- com.WebTesting.WindowHandling.NewWindowMethodInSelenium_1 -->
