<?xml version="1.0" encoding="UTF-8"?>
<!-- Generated by org.testng.reporters.JUnitReportReporter -->
<testsuite hostname="DESKTOP-DAL8TCK" failures="0" tests="4" name="com.WebTesting.TestNG.Annotations.ClassA" time="0.006" errors="0" timestamp="2025-08-06T21:16:13 IST" skipped="0">
  <testcase classname="com.WebTesting.TestNG.Annotations.ClassA" name="testCase2" time="0.001"/>
  <testcase classname="com.WebTesting.TestNG.Annotations.ClassA" name="testCase1" time="0.000"/>
  <testcase classname="com.WebTesting.TestNG.Annotations.ClassA" name="testCase2" time="0.001"/>
  <testcase classname="com.WebTesting.TestNG.Annotations.ClassA" name="testCase1" time="0.004"/>
</testsuite> <!-- com.WebTesting.TestNG.Annotations.ClassA -->
