<?xml version="1.0" encoding="UTF-8"?>
<!-- Generated by org.testng.reporters.JUnitReportReporter -->
<testsuite hostname="DESKTOP-DAL8TCK" failures="0" tests="3" name="com.WebTesting.TestNG.Basics.TestDemo2_priority" time="9.975" errors="0" timestamp="2025-07-31T12:26:27 IST" skipped="0">
  <testcase classname="com.WebTesting.TestNG.Basics.TestDemo2_priority" name="chromeTest" time="3.945"/>
  <testcase classname="com.WebTesting.TestNG.Basics.TestDemo2_priority" name="firefoxTest" time="3.543"/>
  <testcase classname="com.WebTesting.TestNG.Basics.TestDemo2_priority" name="edgeTest" time="2.487"/>
</testsuite> <!-- com.WebTesting.TestNG.Basics.TestDemo2_priority -->
