<?xml version="1.0" encoding="UTF-8"?>
<!-- Generated by org.testng.reporters.JUnitReportReporter -->
<testsuite hostname="DESKTOP-DAL8TCK" failures="0" tests="3" name="com.WebTesting.TestNG.Basics.TestDemo2_priority" time="11.151" errors="0" timestamp="2025-08-06T14:50:18 IST" skipped="0">
  <testcase classname="com.WebTesting.TestNG.Basics.TestDemo2_priority" name="chromeTest" time="2.085"/>
  <testcase classname="com.WebTesting.TestNG.Basics.TestDemo2_priority" name="firefoxTest" time="3.374"/>
  <testcase classname="com.WebTesting.TestNG.Basics.TestDemo2_priority" name="edgeTest" time="5.692"/>
</testsuite> <!-- com.WebTesting.TestNG.Basics.TestDemo2_priority -->
