<?xml version="1.0" encoding="UTF-8"?>
<!-- Generated by org.testng.reporters.JUnitReportReporter -->
<testsuite hostname="DESKTOP-DAL8TCK" failures="0" tests="1" name="com.WebTesting_Alert_Frame.S36_SimpleFrameDemo" time="1.784" errors="0" timestamp="2025-07-11T08:57:20 IST" skipped="0">
  <testcase classname="com.WebTesting_Alert_Frame.S36_SimpleFrameDemo" name="testFrame" time="1.784"/>
</testsuite> <!-- com.WebTesting_Alert_Frame.S36_SimpleFrameDemo -->
