<?xml version="1.0" encoding="UTF-8"?>
<!-- Generated by org.testng.reporters.JUnitReportReporter -->
<testsuite hostname="DESKTOP-DAL8TCK" failures="0" tests="1" name="com.WebTesting.Capabilities.S58_FileUploadUsingRobotClass" time="12.873" errors="0" timestamp="2025-08-14T09:22:06 IST" skipped="0">
  <testcase classname="com.WebTesting.Capabilities.S58_FileUploadUsingRobotClass" name="testFileUpload" time="12.873"/>
</testsuite> <!-- com.WebTesting.Capabilities.S58_FileUploadUsingRobotClass -->
