<?xml version="1.0" encoding="UTF-8"?>
<!-- Generated by org.testng.reporters.JUnitReportReporter -->
<testsuite hostname="DESKTOP-DAL8TCK" failures="0" tests="1" name="com.WebTesting.DropDownAutomation.S29_BootstrapDropdown_Goibibo" time="3.549" errors="0" timestamp="2025-07-08T09:29:58 IST" skipped="0">
  <testcase classname="com.WebTesting.DropDownAutomation.S29_BootstrapDropdown_Goibibo" name="testDropdown" time="3.549"/>
</testsuite> <!-- com.WebTesting.DropDownAutomation.S29_BootstrapDropdown_Goibibo -->
