<?xml version="1.0" encoding="UTF-8"?>
<!-- Generated by org.testng.reporters.JUnitReportReporter -->
<testsuite hostname="DESKTOP-DAL8TCK" failures="0" tests="1" name="com.WebTesting.TestNG.TestData.TestDataUsingXMLFile" time="5.798" errors="0" timestamp="2025-08-13T10:34:38 IST" skipped="0">
  <testcase classname="com.WebTesting.TestNG.TestData.TestDataUsingXMLFile" name="testDataFromFile" time="5.798"/>
</testsuite> <!-- com.WebTesting.TestNG.TestData.TestDataUsingXMLFile -->
