<?xml version="1.0" encoding="UTF-8"?>
<!-- Generated by org.testng.reporters.JUnitReportReporter -->
<testsuite hostname="DESKTOP-DAL8TCK" failures="0" tests="6" name="com.WebTesting.TestNG.Annotations.ClassB" time="0.004" errors="0" timestamp="2025-08-06T21:16:13 IST" skipped="0">
  <testcase classname="com.WebTesting.TestNG.Annotations.ClassB" name="testCase3" time="0.001"/>
  <testcase classname="com.WebTesting.TestNG.Annotations.ClassB" name="testCase2" time="0.001"/>
  <testcase classname="com.WebTesting.TestNG.Annotations.ClassB" name="testCase1" time="0.001"/>
  <testcase classname="com.WebTesting.TestNG.Annotations.ClassB" name="testCase1" time="0.001"/>
  <testcase classname="com.WebTesting.TestNG.Annotations.ClassB" name="testCase3" time="0.000"/>
  <testcase classname="com.WebTesting.TestNG.Annotations.ClassB" name="testCase2" time="0.000"/>
</testsuite> <!-- com.WebTesting.TestNG.Annotations.ClassB -->
