<?xml version="1.0" encoding="UTF-8"?>
<!-- Generated by org.testng.reporters.JUnitReportReporter -->
<testsuite hostname="DESKTOP-DAL8TCK" failures="0" tests="1" name="com.WebAppTesting.NewTest" time="0.006" errors="0" timestamp="2025-07-08T08:46:42 IST" skipped="0">
  <testcase classname="com.WebAppTesting.NewTest" name="f" time="0.006"/>
</testsuite> <!-- com.WebAppTesting.NewTest -->
