<?xml version="1.0" encoding="UTF-8"?>
<!-- Generated by org.testng.reporters.JUnitReportReporter -->
<testsuite hostname="DESKTOP-DAL8TCK" failures="0" tests="1" name="com.WebTesting.TestNG.ParallelTesting.ChromeTest2" time="1.978" errors="0" timestamp="2025-08-11T13:57:19 IST" skipped="0">
  <testcase classname="com.WebTesting.TestNG.ParallelTesting.ChromeTest2" name="testChrome" time="1.978"/>
</testsuite> <!-- com.WebTesting.TestNG.ParallelTesting.ChromeTest2 -->
