<?xml version="1.0" encoding="UTF-8"?>
<!-- Generated by org.testng.reporters.JUnitReportReporter -->
<testsuite hostname="DESKTOP-DAL8TCK" failures="0" tests="1" name="com.WebTesting.SpecialScenario.S68_SVGElementAutomationDemo2" time="6.660" errors="0" timestamp="2025-07-29T09:22:05 IST" skipped="0">
  <testcase classname="com.WebTesting.SpecialScenario.S68_SVGElementAutomationDemo2" name="testSVG" time="6.660"/>
</testsuite> <!-- com.WebTesting.SpecialScenario.S68_SVGElementAutomationDemo2 -->
