<?xml version="1.0" encoding="UTF-8"?>
<!-- Generated by org.testng.reporters.JUnitReportReporter -->
<testsuite hostname="DESKTOP-DAL8TCK" failures="0" tests="1" name="com.WebTesting.TestNG.DataDrivenTesting_7.GetTheScreenshotDemo2" time="2.455" errors="0" timestamp="2025-08-18T18:19:56 IST" skipped="0">
  <testcase classname="com.WebTesting.TestNG.DataDrivenTesting_7.GetTheScreenshotDemo2" name="capture" time="2.455"/>
</testsuite> <!-- com.WebTesting.TestNG.DataDrivenTesting_7.GetTheScreenshotDemo2 -->
