<?xml version="1.0" encoding="UTF-8"?>
<!-- Generated by org.testng.reporters.JUnitReportReporter -->
<testsuite hostname="DESKTOP-DAL8TCK" failures="0" tests="1" name="com.WebTesting.Capabilities.S56_FileDownloadScenario" time="5.022" errors="0" timestamp="2025-08-14T10:08:43 IST" skipped="0">
  <testcase classname="com.WebTesting.Capabilities.S56_FileDownloadScenario" name="testFileDownLoad" time="5.022"/>
</testsuite> <!-- com.WebTesting.Capabilities.S56_FileDownloadScenario -->
