<?xml version="1.0" encoding="UTF-8"?>
<!-- Generated by org.testng.reporters.JUnitReportReporter -->
<testsuite hostname="DESKTOP-DAL8TCK" failures="0" tests="1" name="com.WebTesting.DropDownAutomation.Assignment_7" time="6.586" errors="0" timestamp="2025-07-08T08:57:25 IST" skipped="0">
  <testcase classname="com.WebTesting.DropDownAutomation.Assignment_7" name="dropdown" time="6.586"/>
</testsuite> <!-- com.WebTesting.DropDownAutomation.Assignment_7 -->
