<?xml version="1.0" encoding="UTF-8"?>
<!-- Generated by org.testng.reporters.JUnitReportReporter -->
<testsuite hostname="DESKTOP-DAL8TCK" failures="0" tests="7" name="com.WebTesting.TestNG.Basics.TestDemo9_Groups" time="0.005" errors="0" timestamp="2025-08-06T14:50:18 IST" skipped="0">
  <testcase classname="com.WebTesting.TestNG.Basics.TestDemo9_Groups" name="testCase1" time="0.001"/>
  <testcase classname="com.WebTesting.TestNG.Basics.TestDemo9_Groups" name="testCase2" time="0.001"/>
  <testcase classname="com.WebTesting.TestNG.Basics.TestDemo9_Groups" name="testCase3" time="0.001"/>
  <testcase classname="com.WebTesting.TestNG.Basics.TestDemo9_Groups" name="testCase4" time="0.000"/>
  <testcase classname="com.WebTesting.TestNG.Basics.TestDemo9_Groups" name="testCase5" time="0.001"/>
  <testcase classname="com.WebTesting.TestNG.Basics.TestDemo9_Groups" name="testCase6" time="0.000"/>
  <testcase classname="com.WebTesting.TestNG.Basics.TestDemo9_Groups" name="testCase7" time="0.001"/>
</testsuite> <!-- com.WebTesting.TestNG.Basics.TestDemo9_Groups -->
