<?xml version="1.0" encoding="UTF-8"?>
<!-- Generated by org.testng.reporters.JUnitReportReporter -->
<testsuite hostname="DESKTOP-DAL8TCK" failures="0" tests="1" name="com.WebTesting.Capabilities.S54_MaximizeCapability" time="2.628" errors="0" timestamp="2025-07-23T09:08:18 IST" skipped="0">
  <testcase classname="com.WebTesting.Capabilities.S54_MaximizeCapability" name="testCapability" time="2.628"/>
</testsuite> <!-- com.WebTesting.Capabilities.S54_MaximizeCapability -->
