<?xml version="1.0" encoding="UTF-8"?>
<!-- Generated by org.testng.reporters.JUnitReportReporter -->
<testsuite hostname="DESKTOP-DAL8TCK" failures="0" tests="1" name="com.WebTesting.WindowHandling.S31_MultiplewindowHandlingInterviewQuestion" time="13.274" errors="0" timestamp="2025-07-08T09:38:59 IST" skipped="0">
  <testcase classname="com.WebTesting.WindowHandling.S31_MultiplewindowHandlingInterviewQuestion" name="testMultipleWindow" time="13.274"/>
</testsuite> <!-- com.WebTesting.WindowHandling.S31_MultiplewindowHandlingInterviewQuestion -->
