<?xml version="1.0" encoding="UTF-8"?>
<!-- Generated by org.testng.reporters.JUnitReportReporter -->
<testsuite hostname="DESKTOP-DAL8TCK" failures="0" tests="1" name="com.WebTesting.WaitsInSelenium.S51_WaitUsingFluentWaitClass" time="15.244" errors="0" timestamp="2025-07-23T09:00:44 IST" skipped="0">
  <testcase classname="com.WebTesting.WaitsInSelenium.S51_WaitUsingFluentWaitClass" name="testWait" time="15.244"/>
</testsuite> <!-- com.WebTesting.WaitsInSelenium.S51_WaitUsingFluentWaitClass -->
