<?xml version="1.0" encoding="UTF-8"?>
<!-- Generated by org.testng.reporters.JUnitReportReporter -->
<testsuite hostname="DESKTOP-DAL8TCK" failures="0" tests="1" name="com.WebTesting.TestNG.TestData.ExcelFileReading3" time="0.425" errors="0" timestamp="2025-08-13T10:01:00 IST" skipped="0">
  <testcase classname="com.WebTesting.TestNG.TestData.ExcelFileReading3" name="readFile" time="0.425"/>
</testsuite> <!-- com.WebTesting.TestNG.TestData.ExcelFileReading3 -->
