<?xml version="1.0" encoding="UTF-8"?>
<!-- Generated by org.testng.reporters.JUnitReportReporter -->
<testsuite hostname="DESKTOP-DAL8TCK" failures="0" tests="1" name="com.WebTesting_Alert_Frame.S33_AlertDemo2" time="7.420" errors="0" timestamp="2025-07-09T09:28:59 IST" skipped="0">
  <testcase classname="com.WebTesting_Alert_Frame.S33_AlertDemo2" name="testAlertTypes" time="7.420"/>
</testsuite> <!-- com.WebTesting_Alert_Frame.S33_AlertDemo2 -->
