<?xml version="1.0" encoding="UTF-8"?>
<!-- Generated by org.testng.reporters.JUnitReportReporter -->
<testsuite hostname="DESKTOP-DAL8TCK" failures="0" tests="3" name="com.WebTesting.TestNG.Annotations.AnnotationTest1" time="0.006" errors="0" timestamp="2025-08-06T14:52:46 IST" skipped="0">
  <testcase classname="com.WebTesting.TestNG.Annotations.AnnotationTest1" name="testCase2" time="0.001"/>
  <testcase classname="com.WebTesting.TestNG.Annotations.AnnotationTest1" name="testCase1" time="0.004"/>
  <testcase classname="com.WebTesting.TestNG.Annotations.AnnotationTest1" name="testCase3" time="0.001"/>
</testsuite> <!-- com.WebTesting.TestNG.Annotations.AnnotationTest1 -->
