<?xml version="1.0" encoding="UTF-8"?>
<!-- Generated by org.testng.reporters.JUnitReportReporter -->
<testsuite hostname="DESKTOP-DAL8TCK" failures="0" tests="2" name="com.WebTesting.TestNG.Annotations.RealTimeUseOfAnnotation" time="0.784" errors="0" timestamp="2025-08-06T14:42:09 IST" skipped="0">
  <testcase classname="com.WebTesting.TestNG.Annotations.RealTimeUseOfAnnotation" name="testSignInLink" time="0.409"/>
  <testcase classname="com.WebTesting.TestNG.Annotations.RealTimeUseOfAnnotation" name="testLogin" time="0.375"/>
</testsuite> <!-- com.WebTesting.TestNG.Annotations.RealTimeUseOfAnnotation -->
