<?xml version="1.0" encoding="UTF-8"?>
<!-- Generated by org.testng.reporters.JUnitReportReporter -->
<testsuite hostname="DESKTOP-DAL8TCK" failures="0" tests="1" name="com.WebTesting.JavascriptExecutor.S44_JavaScriptExecutor_BasicFeatures" time="10.041" errors="0" timestamp="2025-07-17T09:02:50 IST" skipped="0">
  <testcase classname="com.WebTesting.JavascriptExecutor.S44_JavaScriptExecutor_BasicFeatures" name="testBasicFeatures" time="10.041"/>
</testsuite> <!-- com.WebTesting.JavascriptExecutor.S44_JavaScriptExecutor_BasicFeatures -->
