<?xml version="1.0" encoding="UTF-8"?>
<!-- Generated by org.testng.reporters.JUnitReportReporter -->
<testsuite hostname="DESKTOP-DAL8TCK" failures="0" tests="2" name="com.WebTesting.TestNG.Basics.TestDemo9_Groups" time="0.008" errors="0" timestamp="2025-08-11T13:42:45 IST" skipped="0">
  <testcase classname="com.WebTesting.TestNG.Basics.TestDemo9_Groups" name="testCase3" time="0.007"/>
  <testcase classname="com.WebTesting.TestNG.Basics.TestDemo9_Groups" name="testCase4" time="0.001"/>
</testsuite> <!-- com.WebTesting.TestNG.Basics.TestDemo9_Groups -->
