<?xml version="1.0" encoding="UTF-8"?>
<!-- Generated by org.testng.reporters.JUnitReportReporter -->
<testsuite hostname="DESKTOP-DAL8TCK" failures="0" tests="1" name="com.WebTesting.SpecialScenario.S66_BrokenLinkAutomation" time="24.474" errors="0" timestamp="2025-07-28T09:41:33 IST" skipped="0">
  <testcase classname="com.WebTesting.SpecialScenario.S66_BrokenLinkAutomation" name="testBrokenLink" time="24.474"/>
</testsuite> <!-- com.WebTesting.SpecialScenario.S66_BrokenLinkAutomation -->
