<?xml version="1.0" encoding="UTF-8"?>
<!-- Generated by org.testng.reporters.JUnitReportReporter -->
<testsuite hostname="DESKTOP-DAL8TCK" failures="0" tests="1" name="com.WebTesting.JavascriptExecutor.S45_JavascriptExecutor_Scroll" time="8.300" errors="0" timestamp="2025-07-21T09:39:25 IST" skipped="0">
  <testcase classname="com.WebTesting.JavascriptExecutor.S45_JavascriptExecutor_Scroll" name="testScroll" time="8.300"/>
</testsuite> <!-- com.WebTesting.JavascriptExecutor.S45_JavascriptExecutor_Scroll -->
