<?xml version="1.0" encoding="UTF-8"?>
<!-- Generated by org.testng.reporters.JUnitReportReporter -->
<testsuite hostname="DESKTOP-DAL8TCK" failures="0" tests="1" name="com.WebTesting.TestNG.ParallelTesting_6.ChromeTest2" time="2.696" errors="0" timestamp="2025-08-11T21:29:02 IST" skipped="0">
  <testcase classname="com.WebTesting.TestNG.ParallelTesting_6.ChromeTest2" name="testChrome" time="2.696"/>
</testsuite> <!-- com.WebTesting.TestNG.ParallelTesting_6.ChromeTest2 -->
