<?xml version="1.0" encoding="UTF-8"?>
<!-- Generated by org.testng.reporters.JUnitReportReporter -->
<testsuite hostname="DESKTOP-DAL8TCK" failures="0" tests="3" name="com.WebTesting.TestNG.ParallelTesting.ParallelTest1" time="6.900" errors="0" timestamp="2025-08-11T13:44:27 IST" skipped="0">
  <testcase classname="com.WebTesting.TestNG.ParallelTesting.ParallelTest1" name="chromeTest" time="2.019"/>
  <testcase classname="com.WebTesting.TestNG.ParallelTesting.ParallelTest1" name="EdgeTest" time="2.048"/>
  <testcase classname="com.WebTesting.TestNG.ParallelTesting.ParallelTest1" name="firefoxTest" time="2.833"/>
</testsuite> <!-- com.WebTesting.TestNG.ParallelTesting.ParallelTest1 -->
