<?xml version="1.0" encoding="UTF-8"?>
<!-- Generated by org.testng.reporters.JUnitReportReporter -->
<testsuite hostname="DESKTOP-DAL8TCK" failures="0" tests="1" name="com.WebTesting.Capabilities.S58_FileUploadUsingRobotClass" time="21.167" errors="0" timestamp="2025-07-30T11:09:28 IST" skipped="0">
  <testcase classname="com.WebTesting.Capabilities.S58_FileUploadUsingRobotClass" name="testFileUpload" time="21.167"/>
</testsuite> <!-- com.WebTesting.Capabilities.S58_FileUploadUsingRobotClass -->
