<?xml version="1.0" encoding="UTF-8"?>
<!-- Generated by org.testng.reporters.JUnitReportReporter -->
<testsuite hostname="DESKTOP-DAL8TCK" failures="0" tests="1" name="com.WebTesting_Alert_Frame.S32_AlertDemo1" time="4.692" errors="0" timestamp="2025-07-09T09:27:57 IST" skipped="0">
  <testcase classname="com.WebTesting_Alert_Frame.S32_AlertDemo1" name="testAlert" time="4.692"/>
</testsuite> <!-- com.WebTesting_Alert_Frame.S32_AlertDemo1 -->
