<?xml version="1.0" encoding="UTF-8"?>
<!-- Generated by org.testng.reporters.JUnitReportReporter -->
<testsuite hostname="DESKTOP-DAL8TCK" failures="0" tests="1" name="com.WebTesting.TestNG.ParallelTesting_6.EdgeTest3" time="3.076" errors="0" timestamp="2025-08-11T15:40:40 IST" skipped="0">
  <testcase classname="com.WebTesting.TestNG.ParallelTesting_6.EdgeTest3" name="testEdge" time="3.076"/>
</testsuite> <!-- com.WebTesting.TestNG.ParallelTesting_6.EdgeTest3 -->
