<?xml version="1.0" encoding="UTF-8"?>
<!-- Generated by org.testng.reporters.JUnitReportReporter -->
<testsuite hostname="DESKTOP-DAL8TCK" failures="0" tests="1" name="com.WebTesting_Alert_Frame.S38_NestedFrame" time="2.806" errors="0" timestamp="2025-07-14T10:31:19 IST" skipped="0">
  <testcase classname="com.WebTesting_Alert_Frame.S38_NestedFrame" name="testFrame" time="2.806"/>
</testsuite> <!-- com.WebTesting_Alert_Frame.S38_NestedFrame -->
