<?xml version="1.0" encoding="UTF-8"?>
<!-- Generated by org.testng.reporters.JUnitReportReporter -->
<testsuite hostname="DESKTOP-DAL8TCK" failures="0" tests="1" name="com.WebTesting.DropDownAutomation.S26_AmazonUtilityUseCase" time="4.627" errors="0" timestamp="2025-07-04T12:09:12 IST" skipped="0">
  <testcase classname="com.WebTesting.DropDownAutomation.S26_AmazonUtilityUseCase" name="testDropdownWithUtility" time="4.627"/>
</testsuite> <!-- com.WebTesting.DropDownAutomation.S26_AmazonUtilityUseCase -->
