<?xml version="1.0" encoding="UTF-8"?>
<!-- Generated by org.testng.reporters.JUnitReportReporter -->
<testsuite hostname="DESKTOP-DAL8TCK" failures="0" tests="1" name="com.WebTesting.DropDownAutomation.S25_SelectBasedDropdown_Facebook" time="3.362" errors="0" timestamp="2025-07-04T11:58:09 IST" skipped="0">
  <testcase classname="com.WebTesting.DropDownAutomation.S25_SelectBasedDropdown_Facebook" name="testDropdown" time="3.362"/>
</testsuite> <!-- com.WebTesting.DropDownAutomation.S25_SelectBasedDropdown_Facebook -->
