<?xml version="1.0" encoding="UTF-8"?>
<!-- Generated by org.testng.reporters.JUnitReportReporter -->
<testsuite hostname="DESKTOP-DAL8TCK" failures="0" tests="2" name="com.WebTesting.TestNG.TestData.ExcelUtilTest4" time="0.503" errors="0" timestamp="2025-08-13T10:45:20 IST" skipped="0">
  <testcase classname="com.WebTesting.TestNG.TestData.ExcelUtilTest4" name="testAsPerDataType" time="0.465"/>
  <testcase classname="com.WebTesting.TestNG.TestData.ExcelUtilTest4" name="testStringData" time="0.038"/>
</testsuite> <!-- com.WebTesting.TestNG.TestData.ExcelUtilTest4 -->
