<?xml version="1.0" encoding="UTF-8"?>
<!-- Generated by org.testng.reporters.JUnitReportReporter -->
<testsuite hostname="DESKTOP-DAL8TCK" failures="0" tests="1" name="com.WebAppTesting.SA3056Test" time="2.915" errors="0" timestamp="2025-08-11T13:12:35 IST" skipped="0">
  <testcase classname="com.WebAppTesting.SA3056Test" name="testApp" time="2.915"/>
</testsuite> <!-- com.WebAppTesting.SA3056Test -->
