<?xml version="1.0" encoding="UTF-8"?>
<!-- Generated by org.testng.reporters.JUnitReportReporter -->
<testsuite hostname="DESKTOP-DAL8TCK" failures="0" tests="1" name="com.WebTesting.DropDownAutomation.S24_SelectBasedDropdown_AmazonApp" time="7.759" errors="0" timestamp="2025-07-04T12:08:53 IST" skipped="0">
  <testcase classname="com.WebTesting.DropDownAutomation.S24_SelectBasedDropdown_AmazonApp" name="testDropdown" time="7.759"/>
</testsuite> <!-- com.WebTesting.DropDownAutomation.S24_SelectBasedDropdown_AmazonApp -->
