<?xml version="1.0" encoding="UTF-8"?>
<!-- Generated by org.testng.reporters.JUnitReportReporter -->
<testsuite hostname="DESKTOP-DAL8TCK" failures="0" tests="1" name="com.WebTesting.Webtable_DatePicker.S40_DynamicWebTableHandling" time="5.883" errors="0" timestamp="2025-07-14T10:40:54 IST" skipped="0">
  <testcase classname="com.WebTesting.Webtable_DatePicker.S40_DynamicWebTableHandling" name="testDynamicTable" time="5.883"/>
</testsuite> <!-- com.WebTesting.Webtable_DatePicker.S40_DynamicWebTableHandling -->
