<?xml version="1.0" encoding="UTF-8"?>
<!-- Generated by org.testng.reporters.JUnitReportReporter -->
<testsuite hostname="DESKTOP-DAL8TCK" failures="0" tests="1" name="com.WebTesting.SpecialScenario.S67_SVGElementAutomation" time="4.703" errors="0" timestamp="2025-07-29T09:16:00 IST" skipped="0">
  <testcase classname="com.WebTesting.SpecialScenario.S67_SVGElementAutomation" name="testSVGElement" time="4.703"/>
</testsuite> <!-- com.WebTesting.SpecialScenario.S67_SVGElementAutomation -->
