<?xml version="1.0" encoding="UTF-8"?>
<!-- Generated by org.testng.reporters.JUnitReportReporter -->
<testsuite hostname="DESKTOP-DAL8TCK" failures="0" tests="3" name="com.WebTesting.TestNG.Basics.TestDemo2_priority" time="13.339" errors="0" timestamp="2025-07-30T14:32:31 IST" skipped="0">
  <testcase classname="com.WebTesting.TestNG.Basics.TestDemo2_priority" name="chromeTest" time="5.105"/>
  <testcase classname="com.WebTesting.TestNG.Basics.TestDemo2_priority" name="firefoxTest" time="4.044"/>
  <testcase classname="com.WebTesting.TestNG.Basics.TestDemo2_priority" name="edgeTest" time="4.190"/>
</testsuite> <!-- com.WebTesting.TestNG.Basics.TestDemo2_priority -->
