<?xml version="1.0" encoding="UTF-8"?>
<!-- Generated by org.testng.reporters.JUnitReportReporter -->
<testsuite hostname="DESKTOP-DAL8TCK" failures="0" tests="2" name="com.WebTesting.TestNG.TestData.TestDataReadingUsingPropertiesFile2" time="1.979" errors="0" timestamp="2025-08-11T15:52:39 IST" skipped="1">
  <testcase classname="com.WebTesting.TestNG.TestData.TestDataReadingUsingPropertiesFile2" name="testLoginWithUtility" time="1.979"/>
  <testcase classname="com.WebTesting.TestNG.TestData.TestDataReadingUsingPropertiesFile2" name="testLoginWithoutUtility">
    <skipped/>
  </testcase> <!-- testLoginWithoutUtility -->
</testsuite> <!-- com.WebTesting.TestNG.TestData.TestDataReadingUsingPropertiesFile2 -->
