<?xml version="1.0" encoding="UTF-8"?>
<!-- Generated by org.testng.reporters.JUnitReportReporter -->
<testsuite hostname="DESKTOP-DAL8TCK" failures="0" tests="1" name="com.WebTesting.MouseOperations.S64_ResizeAction" time="3.317" errors="0" timestamp="2025-07-25T09:44:22 IST" skipped="0">
  <testcase classname="com.WebTesting.MouseOperations.S64_ResizeAction" name="testResizeAction" time="3.317"/>
</testsuite> <!-- com.WebTesting.MouseOperations.S64_ResizeAction -->
