<?xml version="1.0" encoding="UTF-8"?>
<!-- Generated by org.testng.reporters.JUnitReportReporter -->
<testsuite hostname="DESKTOP-DAL8TCK" failures="0" tests="1" name="com.WebTesting.Capabilities.S52_GetAppCapabilitiesforBrowser" time="4.019" errors="0" timestamp="2025-07-23T09:05:18 IST" skipped="0">
  <testcase classname="com.WebTesting.Capabilities.S52_GetAppCapabilitiesforBrowser" name="testCapabilities" time="4.019"/>
</testsuite> <!-- com.WebTesting.Capabilities.S52_GetAppCapabilitiesforBrowser -->
