<?xml version="1.0" encoding="UTF-8"?>
<!-- Generated by org.testng.reporters.JUnitReportReporter -->
<testsuite hostname="DESKTOP-DAL8TCK" failures="0" tests="1" name="com.WebTesting.MouseOperations.S65_TootipAutomation" time="3.666" errors="0" timestamp="2025-07-25T09:45:39 IST" skipped="0">
  <testcase classname="com.WebTesting.MouseOperations.S65_TootipAutomation" name="testToolTip" time="3.666"/>
</testsuite> <!-- com.WebTesting.MouseOperations.S65_TootipAutomation -->
