<?xml version="1.0" encoding="UTF-8"?>
<!-- Generated by org.testng.reporters.JUnitReportReporter -->
<testsuite hostname="DESKTOP-DAL8TCK" failures="0" tests="1" name="com.WebTesting.WaitsInSelenium.S49_ExplicitWaitUsingWebDriverWaitClass" time="1.799" errors="0" timestamp="2025-07-22T12:44:22 IST" skipped="0">
  <testcase classname="com.WebTesting.WaitsInSelenium.S49_ExplicitWaitUsingWebDriverWaitClass" name="testExplicitWait" time="1.799"/>
</testsuite> <!-- com.WebTesting.WaitsInSelenium.S49_ExplicitWaitUsingWebDriverWaitClass -->
