<?xml version="1.0" encoding="UTF-8"?>
<!-- Generated by org.testng.reporters.JUnitReportReporter -->
<testsuite hostname="DESKTOP-DAL8TCK" failures="0" tests="1" name="com.WebTesting.WaitsInSelenium.S50_DynamicWaitUsingWebDriverWait" time="9.215" errors="0" timestamp="2025-07-22T12:47:40 IST" skipped="0">
  <testcase classname="com.WebTesting.WaitsInSelenium.S50_DynamicWaitUsingWebDriverWait" name="testWait" time="9.215"/>
</testsuite> <!-- com.WebTesting.WaitsInSelenium.S50_DynamicWaitUsingWebDriverWait -->
