<?xml version="1.0" encoding="UTF-8"?>
<!-- Generated by org.testng.reporters.JUnitReportReporter -->
<testsuite hostname="DESKTOP-DAL8TCK" failures="0" tests="1" name="com.WebTesting.WaitsInSelenium.S47_DefaultTimeOutInSelenium" time="4.695" errors="0" timestamp="2025-07-21T09:42:38 IST" skipped="0">
  <testcase classname="com.WebTesting.WaitsInSelenium.S47_DefaultTimeOutInSelenium" name="testDefaultTimeOut" time="4.695"/>
</testsuite> <!-- com.WebTesting.WaitsInSelenium.S47_DefaultTimeOutInSelenium -->
