<?xml version="1.0" encoding="UTF-8"?>
<!-- Generated by org.testng.reporters.JUnitReportReporter -->
<testsuite hostname="DESKTOP-DAL8TCK" failures="0" tests="1" name="com.WebTesting.Capabilities.S53_HeadLessBrowserTest" time="3.022" errors="0" timestamp="2025-07-23T09:06:46 IST" skipped="0">
  <testcase classname="com.WebTesting.Capabilities.S53_HeadLessBrowserTest" name="testHeadless" time="3.022"/>
</testsuite> <!-- com.WebTesting.Capabilities.S53_HeadLessBrowserTest -->
